12:47:07 **** Incremental Build of configuration Debug for project HR2RR ****
make all 
Building file: ../system/src/stm32f4-hal/stm32f4xx_hal.c
Invoking: GNU Arm Cross C Compiler
arm-none-eabi-gcc -mcpu=cortex-m4 -mthumb -mfloat-abi=soft -Og -fmessage-length=0 -fsigned-char -ffunction-sections -fdata-sections -ffreestanding -fno-move-loop-invariants -Wall -Wextra -g3 -DDEBUG -DUSE_FULL_ASSERT -DTRACE -DOS_USE_TRACE_SEMIHOSTING_DEBUG -DSTM32F401xC -DUSE_HAL_DRIVER -DHSE_VALUE=25000000 -I"../include" -I"../system/include" -I"../system/include/cmsis" -I"../system/include/stm32f4-hal" -std=gnu11 -Wno-unused-parameter -Wno-conversion -Wno-sign-conversion -Wno-bad-function-cast -Wno-unused-variable -Wno-implicit-function-declaration -MMD -MP -MF"system/src/stm32f4-hal/stm32f4xx_hal.d" -MT"system/src/stm32f4-hal/stm32f4xx_hal.o" -c -o "system/src/stm32f4-hal/stm32f4xx_hal.o" "../system/src/stm32f4-hal/stm32f4xx_hal.c"
cc1.exe: error: argument to '-O' should be a non-negative integer
make: *** [system/src/stm32f4-hal/subdir.mk:44: system/src/stm32f4-hal/stm32f4xx_hal.o] Error 1
"make all" terminated with exit code 2. Build might be incomplete.

12:47:08 Build Failed. 1 errors, 0 warnings. (took 509ms)

